<?xml version="1.0" encoding="UTF-8"?>
<testng-results skipped="0" failed="0" ignored="0" total="1" passed="1">
  <reporter-output>
  </reporter-output>
  <suite name="Default suite" duration-ms="39937" started-at="2019-06-04T06:35:15Z" finished-at="2019-06-04T06:35:55Z">
    <groups>
    </groups>
    <test name="Default test" duration-ms="39937" started-at="2019-06-04T06:35:15Z" finished-at="2019-06-04T06:35:55Z">
      <class name="com.class12.FlightSearch">
        <test-method status="PASS" signature="setUp()[pri:0, instance:com.class12.FlightSearch@457e2f02]" name="setUp" is-config="true" duration-ms="9384" started-at="2019-06-04T06:35:15Z" finished-at="2019-06-04T06:35:24Z">
          <reporter-output>
          </reporter-output>
        </test-method> <!-- setUp -->
        <test-method status="PASS" signature="searchFlight()[pri:0, instance:com.class12.FlightSearch@457e2f02]" name="searchFlight" duration-ms="30517" started-at="2019-06-04T06:35:24Z" finished-at="2019-06-04T06:35:55Z">
          <reporter-output>
          </reporter-output>
        </test-method> <!-- searchFlight -->
        <test-method status="PASS" signature="tearDown()[pri:0, instance:com.class12.FlightSearch@457e2f02]" name="tearDown" is-config="true" duration-ms="0" started-at="2019-06-04T06:35:55Z" finished-at="2019-06-04T06:35:55Z">
          <reporter-output>
          </reporter-output>
        </test-method> <!-- tearDown -->
      </class> <!-- com.class12.FlightSearch -->
    </test> <!-- Default test -->
  </suite> <!-- Default suite -->
</testng-results>
